<?xml version="1.0" encoding="UTF-8"?>
<testng-results ignored="0" total="2" passed="2" failed="0" skipped="0">
  <reporter-output>
  </reporter-output>
  <suite started-at="2020-01-04T12:08:34Z" name="Suite" finished-at="2020-01-04T12:09:06Z" duration-ms="31780">
    <groups>
    </groups>
    <test started-at="2020-01-04T12:08:34Z" name="Safari Test" finished-at="2020-01-04T12:08:40Z" duration-ms="6168">
      <class name="con.seleniumGrid.SeleniumGridSample">
        <test-method signature="launchBrowser(java.lang.String)[pri:0, instance:con.seleniumGrid.SeleniumGridSample@5ad851c9]" started-at="2020-01-04T12:08:34Z" name="launchBrowser" finished-at="2020-01-04T12:08:40Z" duration-ms="6144" status="PASS">
          <params>
            <param index="0">
              <value>
                <![CDATA[SAFARI]]>
              </value>
            </param>
          </params>
          <reporter-output>
          </reporter-output>
        </test-method> <!-- launchBrowser -->
      </class> <!-- con.seleniumGrid.SeleniumGridSample -->
    </test> <!-- Safari Test -->
    <test started-at="2020-01-04T12:08:34Z" name="Firefox Test" finished-at="2020-01-04T12:09:06Z" duration-ms="31780">
      <class name="con.seleniumGrid.SeleniumGridSample">
        <test-method signature="launchBrowser(java.lang.String)[pri:0, instance:con.seleniumGrid.SeleniumGridSample@402e37bc]" started-at="2020-01-04T12:08:34Z" name="launchBrowser" finished-at="2020-01-04T12:09:06Z" duration-ms="31757" status="PASS">
          <params>
            <param index="0">
              <value>
                <![CDATA[FIREFOX]]>
              </value>
            </param>
          </params>
          <reporter-output>
          </reporter-output>
        </test-method> <!-- launchBrowser -->
      </class> <!-- con.seleniumGrid.SeleniumGridSample -->
    </test> <!-- Firefox Test -->
  </suite> <!-- Suite -->
</testng-results>
